<?xml version="1.0" encoding="UTF-8"?>
<!-- Generated by org.testng.reporters.JUnitXMLReporter -->
<testsuite ignored="0" hostname="DESKTOP-3IQAPAE" failures="0" tests="5" name="Surefire test" time="79.18" errors="0" timestamp="2021-07-30T10:19:55 MDT">
  <testcase classname="com.crm.qa.testcases.ContactsPageTest" name="verifycontactpagetitle" time="17.906"/>
  <testcase classname="com.crm.qa.testcases.HomePageTest" name="openContactsPage" time="1.582"/>
  <testcase classname="com.crm.qa.testcases.HomePageTest" name="verifyhomepagetitle" time="0.19"/>
  <testcase classname="com.crm.qa.testcases.LoginPageTest" name="loginPagetitleTest" time="0.009"/>
  <testcase classname="com.crm.qa.testcases.LoginPageTest" name="loginTest" time="12.87"/>
</testsuite> <!-- Surefire test -->
