<?xml version="1.0" encoding="UTF-8"?>
<testng-results ignored="0" total="4" passed="4" failed="0" skipped="0">
  <reporter-output>
  </reporter-output>
  <suite started-at="2021-07-30T07:26:06 MDT" name="Free CRM Aplication Test Automation Test Suite" finished-at="2021-07-30T07:27:22 MDT" duration-ms="75615">
    <groups>
    </groups>
    <test started-at="2021-07-30T07:26:06 MDT" name="Free CRM Aplication Test" finished-at="2021-07-30T07:27:22 MDT" duration-ms="75615">
      <class name="com.crm.qa.testcases.HomePageTest">
        <test-method is-config="true" signature="setup()[pri:0, instance:com.crm.qa.testcases.HomePageTest@729d991e]" started-at="2021-07-30T07:26:33 MDT" name="setup" finished-at="2021-07-30T07:26:47 MDT" duration-ms="13559" status="PASS">
          <reporter-output>
          </reporter-output>
        </test-method> <!-- setup -->
        <test-method signature="openContactsPage()[pri:0, instance:com.crm.qa.testcases.HomePageTest@729d991e]" started-at="2021-07-30T07:26:47 MDT" name="openContactsPage" finished-at="2021-07-30T07:26:52 MDT" duration-ms="5294" status="PASS">
          <reporter-output>
          </reporter-output>
        </test-method> <!-- openContactsPage -->
        <test-method is-config="true" signature="teardown()[pri:0, instance:com.crm.qa.testcases.HomePageTest@729d991e]" started-at="2021-07-30T07:26:52 MDT" name="teardown" finished-at="2021-07-30T07:26:55 MDT" duration-ms="2800" status="PASS">
          <reporter-output>
          </reporter-output>
        </test-method> <!-- teardown -->
        <test-method is-config="true" signature="setup()[pri:0, instance:com.crm.qa.testcases.HomePageTest@729d991e]" started-at="2021-07-30T07:26:55 MDT" name="setup" finished-at="2021-07-30T07:27:18 MDT" duration-ms="22877" status="PASS">
          <reporter-output>
          </reporter-output>
        </test-method> <!-- setup -->
        <test-method signature="verifyhomepagetitle()[pri:0, instance:com.crm.qa.testcases.HomePageTest@729d991e]" started-at="2021-07-30T07:27:18 MDT" name="verifyhomepagetitle" finished-at="2021-07-30T07:27:20 MDT" duration-ms="1923" status="PASS">
          <reporter-output>
          </reporter-output>
        </test-method> <!-- verifyhomepagetitle -->
        <test-method is-config="true" signature="teardown()[pri:0, instance:com.crm.qa.testcases.HomePageTest@729d991e]" started-at="2021-07-30T07:27:20 MDT" name="teardown" finished-at="2021-07-30T07:27:22 MDT" duration-ms="2198" status="PASS">
          <reporter-output>
          </reporter-output>
        </test-method> <!-- teardown -->
      </class> <!-- com.crm.qa.testcases.HomePageTest -->
      <class name="com.crm.qa.testcases.LoginPageTest">
        <test-method is-config="true" signature="setUp()[pri:0, instance:com.crm.qa.testcases.LoginPageTest@169e6180]" started-at="2021-07-30T07:26:06 MDT" name="setUp" finished-at="2021-07-30T07:26:13 MDT" duration-ms="7015" status="PASS">
          <reporter-output>
          </reporter-output>
        </test-method> <!-- setUp -->
        <test-method signature="loginPagetitleTest()[pri:1, instance:com.crm.qa.testcases.LoginPageTest@169e6180]" started-at="2021-07-30T07:26:13 MDT" name="loginPagetitleTest" finished-at="2021-07-30T07:26:14 MDT" duration-ms="193" status="PASS">
          <reporter-output>
          </reporter-output>
        </test-method> <!-- loginPagetitleTest -->
        <test-method is-config="true" signature="teardown()[pri:0, instance:com.crm.qa.testcases.LoginPageTest@169e6180]" started-at="2021-07-30T07:26:14 MDT" name="teardown" finished-at="2021-07-30T07:26:16 MDT" duration-ms="2580" status="PASS">
          <reporter-output>
          </reporter-output>
        </test-method> <!-- teardown -->
        <test-method is-config="true" signature="setUp()[pri:0, instance:com.crm.qa.testcases.LoginPageTest@169e6180]" started-at="2021-07-30T07:26:16 MDT" name="setUp" finished-at="2021-07-30T07:26:21 MDT" duration-ms="4730" status="PASS">
          <reporter-output>
          </reporter-output>
        </test-method> <!-- setUp -->
        <test-method signature="loginTest()[pri:2, instance:com.crm.qa.testcases.LoginPageTest@169e6180]" started-at="2021-07-30T07:26:21 MDT" name="loginTest" finished-at="2021-07-30T07:26:30 MDT" duration-ms="9239" status="PASS">
          <reporter-output>
          </reporter-output>
        </test-method> <!-- loginTest -->
        <test-method is-config="true" signature="teardown()[pri:0, instance:com.crm.qa.testcases.LoginPageTest@169e6180]" started-at="2021-07-30T07:26:30 MDT" name="teardown" finished-at="2021-07-30T07:26:33 MDT" duration-ms="3086" status="PASS">
          <reporter-output>
          </reporter-output>
        </test-method> <!-- teardown -->
      </class> <!-- com.crm.qa.testcases.LoginPageTest -->
    </test> <!-- Free CRM Aplication Test -->
  </suite> <!-- Free CRM Aplication Test Automation Test Suite -->
</testng-results>
