<?xml version="1.0" encoding="UTF-8"?>
<testng-results ignored="0" total="5" passed="5" failed="0" skipped="0">
  <reporter-output>
  </reporter-output>
  <suite started-at="2021-07-30T10:18:35 MDT" name="Surefire suite" finished-at="2021-07-30T10:19:55 MDT" duration-ms="79180">
    <groups>
    </groups>
    <test started-at="2021-07-30T10:18:35 MDT" name="Surefire test" finished-at="2021-07-30T10:19:55 MDT" duration-ms="79180">
      <class name="com.crm.qa.testcases.HomePageTest">
        <test-method is-config="true" signature="setup()[pri:0, instance:com.crm.qa.testcases.HomePageTest@484970b0]" started-at="2021-07-30T10:19:12 MDT" name="setup" finished-at="2021-07-30T10:19:23 MDT" duration-ms="10183" status="PASS">
          <reporter-output>
          </reporter-output>
        </test-method> <!-- setup -->
        <test-method signature="openContactsPage()[pri:0, instance:com.crm.qa.testcases.HomePageTest@484970b0]" started-at="2021-07-30T10:19:23 MDT" name="openContactsPage" finished-at="2021-07-30T10:19:24 MDT" duration-ms="1582" status="PASS">
          <reporter-output>
          </reporter-output>
        </test-method> <!-- openContactsPage -->
        <test-method is-config="true" signature="teardown()[pri:0, instance:com.crm.qa.testcases.HomePageTest@484970b0]" started-at="2021-07-30T10:19:24 MDT" name="teardown" finished-at="2021-07-30T10:19:24 MDT" duration-ms="246" status="PASS">
          <reporter-output>
          </reporter-output>
        </test-method> <!-- teardown -->
        <test-method is-config="true" signature="setup()[pri:0, instance:com.crm.qa.testcases.HomePageTest@484970b0]" started-at="2021-07-30T10:19:24 MDT" name="setup" finished-at="2021-07-30T10:19:33 MDT" duration-ms="8968" status="PASS">
          <reporter-output>
          </reporter-output>
        </test-method> <!-- setup -->
        <test-method signature="verifyhomepagetitle()[pri:0, instance:com.crm.qa.testcases.HomePageTest@484970b0]" started-at="2021-07-30T10:19:33 MDT" name="verifyhomepagetitle" finished-at="2021-07-30T10:19:34 MDT" duration-ms="190" status="PASS">
          <reporter-output>
          </reporter-output>
        </test-method> <!-- verifyhomepagetitle -->
        <test-method is-config="true" signature="teardown()[pri:0, instance:com.crm.qa.testcases.HomePageTest@484970b0]" started-at="2021-07-30T10:19:34 MDT" name="teardown" finished-at="2021-07-30T10:19:34 MDT" duration-ms="634" status="PASS">
          <reporter-output>
          </reporter-output>
        </test-method> <!-- teardown -->
      </class> <!-- com.crm.qa.testcases.HomePageTest -->
      <class name="com.crm.qa.testcases.ContactsPageTest">
        <test-method is-config="true" signature="setUp()[pri:0, instance:com.crm.qa.testcases.ContactsPageTest@561b6512]" started-at="2021-07-30T10:18:35 MDT" name="setUp" finished-at="2021-07-30T10:18:54 MDT" duration-ms="18801" status="PASS">
          <reporter-output>
          </reporter-output>
        </test-method> <!-- setUp -->
        <test-method signature="verifycontactpagetitle()[pri:0, instance:com.crm.qa.testcases.ContactsPageTest@561b6512]" started-at="2021-07-30T10:18:54 MDT" name="verifycontactpagetitle" finished-at="2021-07-30T10:19:12 MDT" duration-ms="17906" status="PASS">
          <reporter-output>
          </reporter-output>
        </test-method> <!-- verifycontactpagetitle -->
        <test-method is-config="true" signature="teardown()[pri:0, instance:com.crm.qa.testcases.ContactsPageTest@561b6512]" started-at="2021-07-30T10:19:12 MDT" name="teardown" finished-at="2021-07-30T10:19:12 MDT" duration-ms="185" status="PASS">
          <reporter-output>
          </reporter-output>
        </test-method> <!-- teardown -->
      </class> <!-- com.crm.qa.testcases.ContactsPageTest -->
      <class name="com.crm.qa.testcases.LoginPageTest">
        <test-method is-config="true" signature="setUp()[pri:0, instance:com.crm.qa.testcases.LoginPageTest@4470f8a6]" started-at="2021-07-30T10:19:34 MDT" name="setUp" finished-at="2021-07-30T10:19:37 MDT" duration-ms="3185" status="PASS">
          <reporter-output>
          </reporter-output>
        </test-method> <!-- setUp -->
        <test-method signature="loginPagetitleTest()[pri:1, instance:com.crm.qa.testcases.LoginPageTest@4470f8a6]" started-at="2021-07-30T10:19:37 MDT" name="loginPagetitleTest" finished-at="2021-07-30T10:19:37 MDT" duration-ms="9" status="PASS">
          <reporter-output>
          </reporter-output>
        </test-method> <!-- loginPagetitleTest -->
        <test-method is-config="true" signature="teardown()[pri:0, instance:com.crm.qa.testcases.LoginPageTest@4470f8a6]" started-at="2021-07-30T10:19:37 MDT" name="teardown" finished-at="2021-07-30T10:19:38 MDT" duration-ms="391" status="PASS">
          <reporter-output>
          </reporter-output>
        </test-method> <!-- teardown -->
        <test-method is-config="true" signature="setUp()[pri:0, instance:com.crm.qa.testcases.LoginPageTest@4470f8a6]" started-at="2021-07-30T10:19:38 MDT" name="setUp" finished-at="2021-07-30T10:19:41 MDT" duration-ms="3324" status="PASS">
          <reporter-output>
          </reporter-output>
        </test-method> <!-- setUp -->
        <test-method signature="loginTest()[pri:2, instance:com.crm.qa.testcases.LoginPageTest@4470f8a6]" started-at="2021-07-30T10:19:41 MDT" name="loginTest" finished-at="2021-07-30T10:19:54 MDT" duration-ms="12870" status="PASS">
          <reporter-output>
          </reporter-output>
        </test-method> <!-- loginTest -->
        <test-method is-config="true" signature="teardown()[pri:0, instance:com.crm.qa.testcases.LoginPageTest@4470f8a6]" started-at="2021-07-30T10:19:54 MDT" name="teardown" finished-at="2021-07-30T10:19:55 MDT" duration-ms="623" status="PASS">
          <reporter-output>
          </reporter-output>
        </test-method> <!-- teardown -->
      </class> <!-- com.crm.qa.testcases.LoginPageTest -->
    </test> <!-- Surefire test -->
  </suite> <!-- Surefire suite -->
</testng-results>
