<?xml version="1.0" encoding="UTF-8"?>
<testsuite xmlns:xsi="http://www.w3.org/2001/XMLSchema-instance" xsi:noNamespaceSchemaLocation="https://maven.apache.org/surefire/maven-surefire-plugin/xsd/surefire-test-report.xsd" name="TestSuite" time="1,811.944" tests="15" errors="0" skipped="12" failures="3">
  <properties>
[...]
</properties>
  <testcase name="setUp" classname="com.crm.qa.testcases.ContactsPageTest" time="607.35">
    <failure message="session not created&#10;from timeout: Timed out receiving message from renderer: 600.000&#10;  (Session info: chrome=92.0.4515.107)&#10;Build info: version: &apos;3.141.59&apos;, revision: &apos;e82be7d358&apos;, time: &apos;2018-11-14T08:17:03&apos;&#10;System info: host: &apos;DESKTOP-3IQAPAE&apos;, ip: &apos;192.168.1.4&apos;, os.name: &apos;Windows 10&apos;, os.arch: &apos;amd64&apos;, os.version: &apos;10.0&apos;, java.version: &apos;1.8.0_291&apos;&#10;Driver info: driver.version: ChromeDriver&#10;remote stacktrace: Backtrace:&#10;	Ordinal0 [0x00412DB3+2502067]&#10;	Ordinal0 [0x003AC5B1+2082225]&#10;	Ordinal0 [0x002B2498+1057944]&#10;	Ordinal0 [0x002A4D2F+1002799]&#10;	Ordinal0 [0x002A3D69+998761]&#10;	Ordinal0 [0x002A4026+999462]&#10;	Ordinal0 [0x002A3915+997653]&#10;	Ordinal0 [0x002AE534+1041716]&#10;	Ordinal0 [0x002A38D1+997585]&#10;	Ordinal0 [0x002A47F6+1001462]&#10;	Ordinal0 [0x002A3D69+998761]&#10;	Ordinal0 [0x002A4026+999462]&#10;	Ordinal0 [0x002A3915+997653]&#10;	Ordinal0 [0x002AC5AA+1033642]&#10;	Ordinal0 [0x002A38D1+997585]&#10;	Ordinal0 [0x002A47F6+1001462]&#10;	Ordinal0 [0x002A3D69+998761]&#10;	Ordinal0 [0x002A4026+999462]&#10;	Ordinal0 [0x002A3915+997653]&#10;	Ordinal0 [0x002AA459+1025113]&#10;	Ordinal0 [0x002A38D1+997585]&#10;	Ordinal0 [0x002A47F6+1001462]&#10;	Ordinal0 [0x002A3D69+998761]&#10;	Ordinal0 [0x002A4026+999462]&#10;	Ordinal0 [0x002A3915+997653]&#10;	Ordinal0 [0x002A977C+1021820]&#10;	Ordinal0 [0x002A38D1+997585]&#10;	Ordinal0 [0x002A47F6+1001462]&#10;	Ordinal0 [0x002A3D69+998761]&#10;	Ordinal0 [0x002A4026+999462]&#10;	Ordinal0 [0x002A3915+997653]&#10;	Ordinal0 [0x0029F42D+980013]&#10;	Ordinal0 [0x002A38D1+997585]&#10;	Ordinal0 [0x002A3670+996976]&#10;	Ordinal0 [0x002A3409+996361]&#10;	Ordinal0 [0x002B36A0+1062560]&#10;	Ordinal0 [0x002FAA59+1354329]&#10;	Ordinal0 [0x002F967A+1349242]&#10;	Ordinal0 [0x002F5BEB+1334251]&#10;	Ordinal0 [0x002D2174+1188212]&#10;	Ordinal0 [0x002D3009+1191945]&#10;	GetHandleVerifier [0x0058EC5C+1511084]&#10;	GetHandleVerifier [0x00638522+2205554]&#10;	GetHandleVerifier [0x00493393+480739]&#10;	GetHandleVerifier [0x00492579+477129]&#10;	Ordinal0 [0x003B1E5D+2104925]&#10;	Ordinal0 [0x003B63F8+2122744]&#10;	Ordinal0 [0x003B6537+2123063]&#10;	Ordinal0 [0x003BEE53+2158163]&#10;	BaseThreadInitThunk [0x74E16359+25]&#10;	RtlGetAppContainerNamedObjectPath [0x773A87A4+228]&#10;	RtlGetAppContainerNamedObjectPath [0x773A8774+180]&#10;" type="org.openqa.selenium.SessionNotCreatedException">org.openqa.selenium.SessionNotCreatedException: 
session not created
from timeout: Timed out receiving message from renderer: 600.000
  (Session info: chrome=92.0.4515.107)
Build info: version: '3.141.59', revision: 'e82be7d358', time: '2018-11-14T08:17:03'
System info: host: 'DESKTOP-3IQAPAE', ip: '192.168.1.4', os.name: 'Windows 10', os.arch: 'amd64', os.version: '10.0', java.version: '1.8.0_291'
Driver info: driver.version: ChromeDriver
remote stacktrace: Backtrace:
	Ordinal0 [0x00412DB3+2502067]
	Ordinal0 [0x003AC5B1+2082225]
	Ordinal0 [0x002B2498+1057944]
	Ordinal0 [0x002A4D2F+1002799]
	Ordinal0 [0x002A3D69+998761]
	Ordinal0 [0x002A4026+999462]
	Ordinal0 [0x002A3915+997653]
	Ordinal0 [0x002AE534+1041716]
	Ordinal0 [0x002A38D1+997585]
	Ordinal0 [0x002A47F6+1001462]
	Ordinal0 [0x002A3D69+998761]
	Ordinal0 [0x002A4026+999462]
	Ordinal0 [0x002A3915+997653]
	Ordinal0 [0x002AC5AA+1033642]
	Ordinal0 [0x002A38D1+997585]
	Ordinal0 [0x002A47F6+1001462]
	Ordinal0 [0x002A3D69+998761]
	Ordinal0 [0x002A4026+999462]
	Ordinal0 [0x002A3915+997653]
	Ordinal0 [0x002AA459+1025113]
	Ordinal0 [0x002A38D1+997585]
	Ordinal0 [0x002A47F6+1001462]
	Ordinal0 [0x002A3D69+998761]
	Ordinal0 [0x002A4026+999462]
	Ordinal0 [0x002A3915+997653]
	Ordinal0 [0x002A977C+1021820]
	Ordinal0 [0x002A38D1+997585]
	Ordinal0 [0x002A47F6+1001462]
	Ordinal0 [0x002A3D69+998761]
	Ordinal0 [0x002A4026+999462]
	Ordinal0 [0x002A3915+997653]
	Ordinal0 [0x0029F42D+980013]
	Ordinal0 [0x002A38D1+997585]
	Ordinal0 [0x002A3670+996976]
	Ordinal0 [0x002A3409+996361]
	Ordinal0 [0x002B36A0+1062560]
	Ordinal0 [0x002FAA59+1354329]
	Ordinal0 [0x002F967A+1349242]
	Ordinal0 [0x002F5BEB+1334251]
	Ordinal0 [0x002D2174+1188212]
	Ordinal0 [0x002D3009+1191945]
	GetHandleVerifier [0x0058EC5C+1511084]
	GetHandleVerifier [0x00638522+2205554]
	GetHandleVerifier [0x00493393+480739]
	GetHandleVerifier [0x00492579+477129]
	Ordinal0 [0x003B1E5D+2104925]
	Ordinal0 [0x003B63F8+2122744]
	Ordinal0 [0x003B6537+2123063]
	Ordinal0 [0x003BEE53+2158163]
	BaseThreadInitThunk [0x74E16359+25]
	RtlGetAppContainerNamedObjectPath [0x773A87A4+228]
	RtlGetAppContainerNamedObjectPath [0x773A8774+180]

	at com.crm.qa.testcases.ContactsPageTest.setUp(ContactsPageTest.java:32)
</failure>
    <system-err><![CDATA[Starting ChromeDriver 91.0.4472.19 (1bf021f248676a0b2ab3ee0561d83a59e424c23e-refs/branch-heads/4472@{#288}) on port 25334
Only local connections are allowed.
Please see https://chromedriver.chromium.org/security-considerations for suggestions on keeping ChromeDriver safe.
ChromeDriver was started successfully.
[1627653648.278][WARNING]: This version of ChromeDriver has not been tested with Chrome version 92.
[1627654248.634][SEVERE]: Timed out receiving message from renderer: 600.000
]]></system-err>
  </testcase>
  <testcase name="verifycontactpagetitle" classname="com.crm.qa.testcases.ContactsPageTest" time="0">
    <skipped message="session not created&#10;from timeout: Timed out receiving message from renderer: 600.000&#10;  (Session info: chrome=92.0.4515.107)&#10;Build info: version: &apos;3.141.59&apos;, revision: &apos;e82be7d358&apos;, time: &apos;2018-11-14T08:17:03&apos;&#10;System info: host: &apos;DESKTOP-3IQAPAE&apos;, ip: &apos;192.168.1.4&apos;, os.name: &apos;Windows 10&apos;, os.arch: &apos;amd64&apos;, os.version: &apos;10.0&apos;, java.version: &apos;1.8.0_291&apos;&#10;Driver info: driver.version: ChromeDriver&#10;remote stacktrace: Backtrace:&#10;	Ordinal0 [0x00412DB3+2502067]&#10;	Ordinal0 [0x003AC5B1+2082225]&#10;	Ordinal0 [0x002B2498+1057944]&#10;	Ordinal0 [0x002A4D2F+1002799]&#10;	Ordinal0 [0x002A3D69+998761]&#10;	Ordinal0 [0x002A4026+999462]&#10;	Ordinal0 [0x002A3915+997653]&#10;	Ordinal0 [0x002AE534+1041716]&#10;	Ordinal0 [0x002A38D1+997585]&#10;	Ordinal0 [0x002A47F6+1001462]&#10;	Ordinal0 [0x002A3D69+998761]&#10;	Ordinal0 [0x002A4026+999462]&#10;	Ordinal0 [0x002A3915+997653]&#10;	Ordinal0 [0x002AC5AA+1033642]&#10;	Ordinal0 [0x002A38D1+997585]&#10;	Ordinal0 [0x002A47F6+1001462]&#10;	Ordinal0 [0x002A3D69+998761]&#10;	Ordinal0 [0x002A4026+999462]&#10;	Ordinal0 [0x002A3915+997653]&#10;	Ordinal0 [0x002AA459+1025113]&#10;	Ordinal0 [0x002A38D1+997585]&#10;	Ordinal0 [0x002A47F6+1001462]&#10;	Ordinal0 [0x002A3D69+998761]&#10;	Ordinal0 [0x002A4026+999462]&#10;	Ordinal0 [0x002A3915+997653]&#10;	Ordinal0 [0x002A977C+1021820]&#10;	Ordinal0 [0x002A38D1+997585]&#10;	Ordinal0 [0x002A47F6+1001462]&#10;	Ordinal0 [0x002A3D69+998761]&#10;	Ordinal0 [0x002A4026+999462]&#10;	Ordinal0 [0x002A3915+997653]&#10;	Ordinal0 [0x0029F42D+980013]&#10;	Ordinal0 [0x002A38D1+997585]&#10;	Ordinal0 [0x002A3670+996976]&#10;	Ordinal0 [0x002A3409+996361]&#10;	Ordinal0 [0x002B36A0+1062560]&#10;	Ordinal0 [0x002FAA59+1354329]&#10;	Ordinal0 [0x002F967A+1349242]&#10;	Ordinal0 [0x002F5BEB+1334251]&#10;	Ordinal0 [0x002D2174+1188212]&#10;	Ordinal0 [0x002D3009+1191945]&#10;	GetHandleVerifier [0x0058EC5C+1511084]&#10;	GetHandleVerifier [0x00638522+2205554]&#10;	GetHandleVerifier [0x00493393+480739]&#10;	GetHandleVerifier [0x00492579+477129]&#10;	Ordinal0 [0x003B1E5D+2104925]&#10;	Ordinal0 [0x003B63F8+2122744]&#10;	Ordinal0 [0x003B6537+2123063]&#10;	Ordinal0 [0x003BEE53+2158163]&#10;	BaseThreadInitThunk [0x74E16359+25]&#10;	RtlGetAppContainerNamedObjectPath [0x773A87A4+228]&#10;	RtlGetAppContainerNamedObjectPath [0x773A8774+180]&#10;"/>
  </testcase>
  <testcase name="teardown" classname="com.crm.qa.testcases.ContactsPageTest" time="0">
    <skipped/>
  </testcase>
  <testcase name="setup" classname="com.crm.qa.testcases.HomePageTest" time="602.02">
    <failure message="session not created&#10;from timeout: Timed out receiving message from renderer: 600.000&#10;  (Session info: chrome=92.0.4515.107)&#10;Build info: version: &apos;3.141.59&apos;, revision: &apos;e82be7d358&apos;, time: &apos;2018-11-14T08:17:03&apos;&#10;System info: host: &apos;DESKTOP-3IQAPAE&apos;, ip: &apos;192.168.1.4&apos;, os.name: &apos;Windows 10&apos;, os.arch: &apos;amd64&apos;, os.version: &apos;10.0&apos;, java.version: &apos;1.8.0_291&apos;&#10;Driver info: driver.version: ChromeDriver&#10;remote stacktrace: Backtrace:&#10;	Ordinal0 [0x00412DB3+2502067]&#10;	Ordinal0 [0x003AC5B1+2082225]&#10;	Ordinal0 [0x002B2498+1057944]&#10;	Ordinal0 [0x002A4D2F+1002799]&#10;	Ordinal0 [0x002A3D69+998761]&#10;	Ordinal0 [0x002A4026+999462]&#10;	Ordinal0 [0x002A3915+997653]&#10;	Ordinal0 [0x002AE534+1041716]&#10;	Ordinal0 [0x002A38D1+997585]&#10;	Ordinal0 [0x002A47F6+1001462]&#10;	Ordinal0 [0x002A3D69+998761]&#10;	Ordinal0 [0x002A4026+999462]&#10;	Ordinal0 [0x002A3915+997653]&#10;	Ordinal0 [0x002AC5AA+1033642]&#10;	Ordinal0 [0x002A38D1+997585]&#10;	Ordinal0 [0x002A47F6+1001462]&#10;	Ordinal0 [0x002A3D69+998761]&#10;	Ordinal0 [0x002A4026+999462]&#10;	Ordinal0 [0x002A3915+997653]&#10;	Ordinal0 [0x002AA459+1025113]&#10;	Ordinal0 [0x002A38D1+997585]&#10;	Ordinal0 [0x002A47F6+1001462]&#10;	Ordinal0 [0x002A3D69+998761]&#10;	Ordinal0 [0x002A4026+999462]&#10;	Ordinal0 [0x002A3915+997653]&#10;	Ordinal0 [0x002A977C+1021820]&#10;	Ordinal0 [0x002A38D1+997585]&#10;	Ordinal0 [0x002A47F6+1001462]&#10;	Ordinal0 [0x002A3D69+998761]&#10;	Ordinal0 [0x002A4026+999462]&#10;	Ordinal0 [0x002A3915+997653]&#10;	Ordinal0 [0x0029F42D+980013]&#10;	Ordinal0 [0x002A38D1+997585]&#10;	Ordinal0 [0x002A3670+996976]&#10;	Ordinal0 [0x002A3409+996361]&#10;	Ordinal0 [0x002B36A0+1062560]&#10;	Ordinal0 [0x002FAA59+1354329]&#10;	Ordinal0 [0x002F967A+1349242]&#10;	Ordinal0 [0x002F5BEB+1334251]&#10;	Ordinal0 [0x002D2174+1188212]&#10;	Ordinal0 [0x002D3009+1191945]&#10;	GetHandleVerifier [0x0058EC5C+1511084]&#10;	GetHandleVerifier [0x00638522+2205554]&#10;	GetHandleVerifier [0x00493393+480739]&#10;	GetHandleVerifier [0x00492579+477129]&#10;	Ordinal0 [0x003B1E5D+2104925]&#10;	Ordinal0 [0x003B63F8+2122744]&#10;	Ordinal0 [0x003B6537+2123063]&#10;	Ordinal0 [0x003BEE53+2158163]&#10;	BaseThreadInitThunk [0x74E16359+25]&#10;	RtlGetAppContainerNamedObjectPath [0x773A87A4+228]&#10;	RtlGetAppContainerNamedObjectPath [0x773A8774+180]&#10;" type="org.openqa.selenium.SessionNotCreatedException">org.openqa.selenium.SessionNotCreatedException: 
session not created
from timeout: Timed out receiving message from renderer: 600.000
  (Session info: chrome=92.0.4515.107)
Build info: version: '3.141.59', revision: 'e82be7d358', time: '2018-11-14T08:17:03'
System info: host: 'DESKTOP-3IQAPAE', ip: '192.168.1.4', os.name: 'Windows 10', os.arch: 'amd64', os.version: '10.0', java.version: '1.8.0_291'
Driver info: driver.version: ChromeDriver
remote stacktrace: Backtrace:
	Ordinal0 [0x00412DB3+2502067]
	Ordinal0 [0x003AC5B1+2082225]
	Ordinal0 [0x002B2498+1057944]
	Ordinal0 [0x002A4D2F+1002799]
	Ordinal0 [0x002A3D69+998761]
	Ordinal0 [0x002A4026+999462]
	Ordinal0 [0x002A3915+997653]
	Ordinal0 [0x002AE534+1041716]
	Ordinal0 [0x002A38D1+997585]
	Ordinal0 [0x002A47F6+1001462]
	Ordinal0 [0x002A3D69+998761]
	Ordinal0 [0x002A4026+999462]
	Ordinal0 [0x002A3915+997653]
	Ordinal0 [0x002AC5AA+1033642]
	Ordinal0 [0x002A38D1+997585]
	Ordinal0 [0x002A47F6+1001462]
	Ordinal0 [0x002A3D69+998761]
	Ordinal0 [0x002A4026+999462]
	Ordinal0 [0x002A3915+997653]
	Ordinal0 [0x002AA459+1025113]
	Ordinal0 [0x002A38D1+997585]
	Ordinal0 [0x002A47F6+1001462]
	Ordinal0 [0x002A3D69+998761]
	Ordinal0 [0x002A4026+999462]
	Ordinal0 [0x002A3915+997653]
	Ordinal0 [0x002A977C+1021820]
	Ordinal0 [0x002A38D1+997585]
	Ordinal0 [0x002A47F6+1001462]
	Ordinal0 [0x002A3D69+998761]
	Ordinal0 [0x002A4026+999462]
	Ordinal0 [0x002A3915+997653]
	Ordinal0 [0x0029F42D+980013]
	Ordinal0 [0x002A38D1+997585]
	Ordinal0 [0x002A3670+996976]
	Ordinal0 [0x002A3409+996361]
	Ordinal0 [0x002B36A0+1062560]
	Ordinal0 [0x002FAA59+1354329]
	Ordinal0 [0x002F967A+1349242]
	Ordinal0 [0x002F5BEB+1334251]
	Ordinal0 [0x002D2174+1188212]
	Ordinal0 [0x002D3009+1191945]
	GetHandleVerifier [0x0058EC5C+1511084]
	GetHandleVerifier [0x00638522+2205554]
	GetHandleVerifier [0x00493393+480739]
	GetHandleVerifier [0x00492579+477129]
	Ordinal0 [0x003B1E5D+2104925]
	Ordinal0 [0x003B63F8+2122744]
	Ordinal0 [0x003B6537+2123063]
	Ordinal0 [0x003BEE53+2158163]
	BaseThreadInitThunk [0x74E16359+25]
	RtlGetAppContainerNamedObjectPath [0x773A87A4+228]
	RtlGetAppContainerNamedObjectPath [0x773A8774+180]

	at com.crm.qa.testcases.HomePageTest.setup(HomePageTest.java:23)
</failure>
    <system-err><![CDATA[Starting ChromeDriver 91.0.4472.19 (1bf021f248676a0b2ab3ee0561d83a59e424c23e-refs/branch-heads/4472@{#288}) on port 11195
Only local connections are allowed.
Please see https://chromedriver.chromium.org/security-considerations for suggestions on keeping ChromeDriver safe.
ChromeDriver was started successfully.
[1627654250.584][WARNING]: This version of ChromeDriver has not been tested with Chrome version 92.
[1627654850.733][SEVERE]: Timed out receiving message from renderer: 600.000
]]></system-err>
  </testcase>
  <testcase name="setup" classname="com.crm.qa.testcases.HomePageTest" time="0">
    <skipped/>
  </testcase>
  <testcase name="openContactsPage" classname="com.crm.qa.testcases.HomePageTest" time="0">
    <skipped message="session not created&#10;from timeout: Timed out receiving message from renderer: 600.000&#10;  (Session info: chrome=92.0.4515.107)&#10;Build info: version: &apos;3.141.59&apos;, revision: &apos;e82be7d358&apos;, time: &apos;2018-11-14T08:17:03&apos;&#10;System info: host: &apos;DESKTOP-3IQAPAE&apos;, ip: &apos;192.168.1.4&apos;, os.name: &apos;Windows 10&apos;, os.arch: &apos;amd64&apos;, os.version: &apos;10.0&apos;, java.version: &apos;1.8.0_291&apos;&#10;Driver info: driver.version: ChromeDriver&#10;remote stacktrace: Backtrace:&#10;	Ordinal0 [0x00412DB3+2502067]&#10;	Ordinal0 [0x003AC5B1+2082225]&#10;	Ordinal0 [0x002B2498+1057944]&#10;	Ordinal0 [0x002A4D2F+1002799]&#10;	Ordinal0 [0x002A3D69+998761]&#10;	Ordinal0 [0x002A4026+999462]&#10;	Ordinal0 [0x002A3915+997653]&#10;	Ordinal0 [0x002AE534+1041716]&#10;	Ordinal0 [0x002A38D1+997585]&#10;	Ordinal0 [0x002A47F6+1001462]&#10;	Ordinal0 [0x002A3D69+998761]&#10;	Ordinal0 [0x002A4026+999462]&#10;	Ordinal0 [0x002A3915+997653]&#10;	Ordinal0 [0x002AC5AA+1033642]&#10;	Ordinal0 [0x002A38D1+997585]&#10;	Ordinal0 [0x002A47F6+1001462]&#10;	Ordinal0 [0x002A3D69+998761]&#10;	Ordinal0 [0x002A4026+999462]&#10;	Ordinal0 [0x002A3915+997653]&#10;	Ordinal0 [0x002AA459+1025113]&#10;	Ordinal0 [0x002A38D1+997585]&#10;	Ordinal0 [0x002A47F6+1001462]&#10;	Ordinal0 [0x002A3D69+998761]&#10;	Ordinal0 [0x002A4026+999462]&#10;	Ordinal0 [0x002A3915+997653]&#10;	Ordinal0 [0x002A977C+1021820]&#10;	Ordinal0 [0x002A38D1+997585]&#10;	Ordinal0 [0x002A47F6+1001462]&#10;	Ordinal0 [0x002A3D69+998761]&#10;	Ordinal0 [0x002A4026+999462]&#10;	Ordinal0 [0x002A3915+997653]&#10;	Ordinal0 [0x0029F42D+980013]&#10;	Ordinal0 [0x002A38D1+997585]&#10;	Ordinal0 [0x002A3670+996976]&#10;	Ordinal0 [0x002A3409+996361]&#10;	Ordinal0 [0x002B36A0+1062560]&#10;	Ordinal0 [0x002FAA59+1354329]&#10;	Ordinal0 [0x002F967A+1349242]&#10;	Ordinal0 [0x002F5BEB+1334251]&#10;	Ordinal0 [0x002D2174+1188212]&#10;	Ordinal0 [0x002D3009+1191945]&#10;	GetHandleVerifier [0x0058EC5C+1511084]&#10;	GetHandleVerifier [0x00638522+2205554]&#10;	GetHandleVerifier [0x00493393+480739]&#10;	GetHandleVerifier [0x00492579+477129]&#10;	Ordinal0 [0x003B1E5D+2104925]&#10;	Ordinal0 [0x003B63F8+2122744]&#10;	Ordinal0 [0x003B6537+2123063]&#10;	Ordinal0 [0x003BEE53+2158163]&#10;	BaseThreadInitThunk [0x74E16359+25]&#10;	RtlGetAppContainerNamedObjectPath [0x773A87A4+228]&#10;	RtlGetAppContainerNamedObjectPath [0x773A8774+180]&#10;"/>
  </testcase>
  <testcase name="teardown" classname="com.crm.qa.testcases.HomePageTest" time="0">
    <skipped/>
  </testcase>
  <testcase name="teardown" classname="com.crm.qa.testcases.HomePageTest" time="0">
    <skipped/>
  </testcase>
  <testcase name="verifyhomepagetitle" classname="com.crm.qa.testcases.HomePageTest" time="0">
    <skipped message="session not created&#10;from timeout: Timed out receiving message from renderer: 600.000&#10;  (Session info: chrome=92.0.4515.107)&#10;Build info: version: &apos;3.141.59&apos;, revision: &apos;e82be7d358&apos;, time: &apos;2018-11-14T08:17:03&apos;&#10;System info: host: &apos;DESKTOP-3IQAPAE&apos;, ip: &apos;192.168.1.4&apos;, os.name: &apos;Windows 10&apos;, os.arch: &apos;amd64&apos;, os.version: &apos;10.0&apos;, java.version: &apos;1.8.0_291&apos;&#10;Driver info: driver.version: ChromeDriver&#10;remote stacktrace: Backtrace:&#10;	Ordinal0 [0x00412DB3+2502067]&#10;	Ordinal0 [0x003AC5B1+2082225]&#10;	Ordinal0 [0x002B2498+1057944]&#10;	Ordinal0 [0x002A4D2F+1002799]&#10;	Ordinal0 [0x002A3D69+998761]&#10;	Ordinal0 [0x002A4026+999462]&#10;	Ordinal0 [0x002A3915+997653]&#10;	Ordinal0 [0x002AE534+1041716]&#10;	Ordinal0 [0x002A38D1+997585]&#10;	Ordinal0 [0x002A47F6+1001462]&#10;	Ordinal0 [0x002A3D69+998761]&#10;	Ordinal0 [0x002A4026+999462]&#10;	Ordinal0 [0x002A3915+997653]&#10;	Ordinal0 [0x002AC5AA+1033642]&#10;	Ordinal0 [0x002A38D1+997585]&#10;	Ordinal0 [0x002A47F6+1001462]&#10;	Ordinal0 [0x002A3D69+998761]&#10;	Ordinal0 [0x002A4026+999462]&#10;	Ordinal0 [0x002A3915+997653]&#10;	Ordinal0 [0x002AA459+1025113]&#10;	Ordinal0 [0x002A38D1+997585]&#10;	Ordinal0 [0x002A47F6+1001462]&#10;	Ordinal0 [0x002A3D69+998761]&#10;	Ordinal0 [0x002A4026+999462]&#10;	Ordinal0 [0x002A3915+997653]&#10;	Ordinal0 [0x002A977C+1021820]&#10;	Ordinal0 [0x002A38D1+997585]&#10;	Ordinal0 [0x002A47F6+1001462]&#10;	Ordinal0 [0x002A3D69+998761]&#10;	Ordinal0 [0x002A4026+999462]&#10;	Ordinal0 [0x002A3915+997653]&#10;	Ordinal0 [0x0029F42D+980013]&#10;	Ordinal0 [0x002A38D1+997585]&#10;	Ordinal0 [0x002A3670+996976]&#10;	Ordinal0 [0x002A3409+996361]&#10;	Ordinal0 [0x002B36A0+1062560]&#10;	Ordinal0 [0x002FAA59+1354329]&#10;	Ordinal0 [0x002F967A+1349242]&#10;	Ordinal0 [0x002F5BEB+1334251]&#10;	Ordinal0 [0x002D2174+1188212]&#10;	Ordinal0 [0x002D3009+1191945]&#10;	GetHandleVerifier [0x0058EC5C+1511084]&#10;	GetHandleVerifier [0x00638522+2205554]&#10;	GetHandleVerifier [0x00493393+480739]&#10;	GetHandleVerifier [0x00492579+477129]&#10;	Ordinal0 [0x003B1E5D+2104925]&#10;	Ordinal0 [0x003B63F8+2122744]&#10;	Ordinal0 [0x003B6537+2123063]&#10;	Ordinal0 [0x003BEE53+2158163]&#10;	BaseThreadInitThunk [0x74E16359+25]&#10;	RtlGetAppContainerNamedObjectPath [0x773A87A4+228]&#10;	RtlGetAppContainerNamedObjectPath [0x773A8774+180]&#10;"/>
  </testcase>
  <testcase name="setUp" classname="com.crm.qa.testcases.LoginPageTest" time="602.186">
    <failure message="session not created&#10;from timeout: Timed out receiving message from renderer: 600.000&#10;  (Session info: chrome=92.0.4515.107)&#10;Build info: version: &apos;3.141.59&apos;, revision: &apos;e82be7d358&apos;, time: &apos;2018-11-14T08:17:03&apos;&#10;System info: host: &apos;DESKTOP-3IQAPAE&apos;, ip: &apos;192.168.1.4&apos;, os.name: &apos;Windows 10&apos;, os.arch: &apos;amd64&apos;, os.version: &apos;10.0&apos;, java.version: &apos;1.8.0_291&apos;&#10;Driver info: driver.version: ChromeDriver&#10;remote stacktrace: Backtrace:&#10;	Ordinal0 [0x00412DB3+2502067]&#10;	Ordinal0 [0x003AC5B1+2082225]&#10;	Ordinal0 [0x002B2498+1057944]&#10;	Ordinal0 [0x002A4D2F+1002799]&#10;	Ordinal0 [0x002A3D69+998761]&#10;	Ordinal0 [0x002A4026+999462]&#10;	Ordinal0 [0x002A3915+997653]&#10;	Ordinal0 [0x002AE534+1041716]&#10;	Ordinal0 [0x002A38D1+997585]&#10;	Ordinal0 [0x002A47F6+1001462]&#10;	Ordinal0 [0x002A3D69+998761]&#10;	Ordinal0 [0x002A4026+999462]&#10;	Ordinal0 [0x002A3915+997653]&#10;	Ordinal0 [0x002AC5AA+1033642]&#10;	Ordinal0 [0x002A38D1+997585]&#10;	Ordinal0 [0x002A47F6+1001462]&#10;	Ordinal0 [0x002A3D69+998761]&#10;	Ordinal0 [0x002A4026+999462]&#10;	Ordinal0 [0x002A3915+997653]&#10;	Ordinal0 [0x002AA459+1025113]&#10;	Ordinal0 [0x002A38D1+997585]&#10;	Ordinal0 [0x002A47F6+1001462]&#10;	Ordinal0 [0x002A3D69+998761]&#10;	Ordinal0 [0x002A4026+999462]&#10;	Ordinal0 [0x002A3915+997653]&#10;	Ordinal0 [0x002A977C+1021820]&#10;	Ordinal0 [0x002A38D1+997585]&#10;	Ordinal0 [0x002A47F6+1001462]&#10;	Ordinal0 [0x002A3D69+998761]&#10;	Ordinal0 [0x002A4026+999462]&#10;	Ordinal0 [0x002A3915+997653]&#10;	Ordinal0 [0x0029F42D+980013]&#10;	Ordinal0 [0x002A38D1+997585]&#10;	Ordinal0 [0x002A3670+996976]&#10;	Ordinal0 [0x002A3409+996361]&#10;	Ordinal0 [0x002B36A0+1062560]&#10;	Ordinal0 [0x002FAA59+1354329]&#10;	Ordinal0 [0x002F967A+1349242]&#10;	Ordinal0 [0x002F5BEB+1334251]&#10;	Ordinal0 [0x002D2174+1188212]&#10;	Ordinal0 [0x002D3009+1191945]&#10;	GetHandleVerifier [0x0058EC5C+1511084]&#10;	GetHandleVerifier [0x00638522+2205554]&#10;	GetHandleVerifier [0x00493393+480739]&#10;	GetHandleVerifier [0x00492579+477129]&#10;	Ordinal0 [0x003B1E5D+2104925]&#10;	Ordinal0 [0x003B63F8+2122744]&#10;	Ordinal0 [0x003B6537+2123063]&#10;	Ordinal0 [0x003BEE53+2158163]&#10;	BaseThreadInitThunk [0x74E16359+25]&#10;	RtlGetAppContainerNamedObjectPath [0x773A87A4+228]&#10;	RtlGetAppContainerNamedObjectPath [0x773A8774+180]&#10;" type="org.openqa.selenium.SessionNotCreatedException">org.openqa.selenium.SessionNotCreatedException: 
session not created
from timeout: Timed out receiving message from renderer: 600.000
  (Session info: chrome=92.0.4515.107)
Build info: version: '3.141.59', revision: 'e82be7d358', time: '2018-11-14T08:17:03'
System info: host: 'DESKTOP-3IQAPAE', ip: '192.168.1.4', os.name: 'Windows 10', os.arch: 'amd64', os.version: '10.0', java.version: '1.8.0_291'
Driver info: driver.version: ChromeDriver
remote stacktrace: Backtrace:
	Ordinal0 [0x00412DB3+2502067]
	Ordinal0 [0x003AC5B1+2082225]
	Ordinal0 [0x002B2498+1057944]
	Ordinal0 [0x002A4D2F+1002799]
	Ordinal0 [0x002A3D69+998761]
	Ordinal0 [0x002A4026+999462]
	Ordinal0 [0x002A3915+997653]
	Ordinal0 [0x002AE534+1041716]
	Ordinal0 [0x002A38D1+997585]
	Ordinal0 [0x002A47F6+1001462]
	Ordinal0 [0x002A3D69+998761]
	Ordinal0 [0x002A4026+999462]
	Ordinal0 [0x002A3915+997653]
	Ordinal0 [0x002AC5AA+1033642]
	Ordinal0 [0x002A38D1+997585]
	Ordinal0 [0x002A47F6+1001462]
	Ordinal0 [0x002A3D69+998761]
	Ordinal0 [0x002A4026+999462]
	Ordinal0 [0x002A3915+997653]
	Ordinal0 [0x002AA459+1025113]
	Ordinal0 [0x002A38D1+997585]
	Ordinal0 [0x002A47F6+1001462]
	Ordinal0 [0x002A3D69+998761]
	Ordinal0 [0x002A4026+999462]
	Ordinal0 [0x002A3915+997653]
	Ordinal0 [0x002A977C+1021820]
	Ordinal0 [0x002A38D1+997585]
	Ordinal0 [0x002A47F6+1001462]
	Ordinal0 [0x002A3D69+998761]
	Ordinal0 [0x002A4026+999462]
	Ordinal0 [0x002A3915+997653]
	Ordinal0 [0x0029F42D+980013]
	Ordinal0 [0x002A38D1+997585]
	Ordinal0 [0x002A3670+996976]
	Ordinal0 [0x002A3409+996361]
	Ordinal0 [0x002B36A0+1062560]
	Ordinal0 [0x002FAA59+1354329]
	Ordinal0 [0x002F967A+1349242]
	Ordinal0 [0x002F5BEB+1334251]
	Ordinal0 [0x002D2174+1188212]
	Ordinal0 [0x002D3009+1191945]
	GetHandleVerifier [0x0058EC5C+1511084]
	GetHandleVerifier [0x00638522+2205554]
	GetHandleVerifier [0x00493393+480739]
	GetHandleVerifier [0x00492579+477129]
	Ordinal0 [0x003B1E5D+2104925]
	Ordinal0 [0x003B63F8+2122744]
	Ordinal0 [0x003B6537+2123063]
	Ordinal0 [0x003BEE53+2158163]
	BaseThreadInitThunk [0x74E16359+25]
	RtlGetAppContainerNamedObjectPath [0x773A87A4+228]
	RtlGetAppContainerNamedObjectPath [0x773A8774+180]

	at com.crm.qa.testcases.LoginPageTest.setUp(LoginPageTest.java:23)
</failure>
    <system-err><![CDATA[Starting ChromeDriver 91.0.4472.19 (1bf021f248676a0b2ab3ee0561d83a59e424c23e-refs/branch-heads/4472@{#288}) on port 16366
Only local connections are allowed.
Please see https://chromedriver.chromium.org/security-considerations for suggestions on keeping ChromeDriver safe.
ChromeDriver was started successfully.
[1627654852.359][WARNING]: This version of ChromeDriver has not been tested with Chrome version 92.
[1627655452.454][SEVERE]: Timed out receiving message from renderer: 600.000
]]></system-err>
  </testcase>
  <testcase name="setUp" classname="com.crm.qa.testcases.LoginPageTest" time="0">
    <skipped/>
  </testcase>
  <testcase name="loginPagetitleTest" classname="com.crm.qa.testcases.LoginPageTest" time="0">
    <skipped message="session not created&#10;from timeout: Timed out receiving message from renderer: 600.000&#10;  (Session info: chrome=92.0.4515.107)&#10;Build info: version: &apos;3.141.59&apos;, revision: &apos;e82be7d358&apos;, time: &apos;2018-11-14T08:17:03&apos;&#10;System info: host: &apos;DESKTOP-3IQAPAE&apos;, ip: &apos;192.168.1.4&apos;, os.name: &apos;Windows 10&apos;, os.arch: &apos;amd64&apos;, os.version: &apos;10.0&apos;, java.version: &apos;1.8.0_291&apos;&#10;Driver info: driver.version: ChromeDriver&#10;remote stacktrace: Backtrace:&#10;	Ordinal0 [0x00412DB3+2502067]&#10;	Ordinal0 [0x003AC5B1+2082225]&#10;	Ordinal0 [0x002B2498+1057944]&#10;	Ordinal0 [0x002A4D2F+1002799]&#10;	Ordinal0 [0x002A3D69+998761]&#10;	Ordinal0 [0x002A4026+999462]&#10;	Ordinal0 [0x002A3915+997653]&#10;	Ordinal0 [0x002AE534+1041716]&#10;	Ordinal0 [0x002A38D1+997585]&#10;	Ordinal0 [0x002A47F6+1001462]&#10;	Ordinal0 [0x002A3D69+998761]&#10;	Ordinal0 [0x002A4026+999462]&#10;	Ordinal0 [0x002A3915+997653]&#10;	Ordinal0 [0x002AC5AA+1033642]&#10;	Ordinal0 [0x002A38D1+997585]&#10;	Ordinal0 [0x002A47F6+1001462]&#10;	Ordinal0 [0x002A3D69+998761]&#10;	Ordinal0 [0x002A4026+999462]&#10;	Ordinal0 [0x002A3915+997653]&#10;	Ordinal0 [0x002AA459+1025113]&#10;	Ordinal0 [0x002A38D1+997585]&#10;	Ordinal0 [0x002A47F6+1001462]&#10;	Ordinal0 [0x002A3D69+998761]&#10;	Ordinal0 [0x002A4026+999462]&#10;	Ordinal0 [0x002A3915+997653]&#10;	Ordinal0 [0x002A977C+1021820]&#10;	Ordinal0 [0x002A38D1+997585]&#10;	Ordinal0 [0x002A47F6+1001462]&#10;	Ordinal0 [0x002A3D69+998761]&#10;	Ordinal0 [0x002A4026+999462]&#10;	Ordinal0 [0x002A3915+997653]&#10;	Ordinal0 [0x0029F42D+980013]&#10;	Ordinal0 [0x002A38D1+997585]&#10;	Ordinal0 [0x002A3670+996976]&#10;	Ordinal0 [0x002A3409+996361]&#10;	Ordinal0 [0x002B36A0+1062560]&#10;	Ordinal0 [0x002FAA59+1354329]&#10;	Ordinal0 [0x002F967A+1349242]&#10;	Ordinal0 [0x002F5BEB+1334251]&#10;	Ordinal0 [0x002D2174+1188212]&#10;	Ordinal0 [0x002D3009+1191945]&#10;	GetHandleVerifier [0x0058EC5C+1511084]&#10;	GetHandleVerifier [0x00638522+2205554]&#10;	GetHandleVerifier [0x00493393+480739]&#10;	GetHandleVerifier [0x00492579+477129]&#10;	Ordinal0 [0x003B1E5D+2104925]&#10;	Ordinal0 [0x003B63F8+2122744]&#10;	Ordinal0 [0x003B6537+2123063]&#10;	Ordinal0 [0x003BEE53+2158163]&#10;	BaseThreadInitThunk [0x74E16359+25]&#10;	RtlGetAppContainerNamedObjectPath [0x773A87A4+228]&#10;	RtlGetAppContainerNamedObjectPath [0x773A8774+180]&#10;"/>
  </testcase>
  <testcase name="teardown" classname="com.crm.qa.testcases.LoginPageTest" time="0">
    <skipped/>
  </testcase>
  <testcase name="teardown" classname="com.crm.qa.testcases.LoginPageTest" time="0">
    <skipped/>
  </testcase>
  <testcase name="loginTest" classname="com.crm.qa.testcases.LoginPageTest" time="0">
    <skipped message="session not created&#10;from timeout: Timed out receiving message from renderer: 600.000&#10;  (Session info: chrome=92.0.4515.107)&#10;Build info: version: &apos;3.141.59&apos;, revision: &apos;e82be7d358&apos;, time: &apos;2018-11-14T08:17:03&apos;&#10;System info: host: &apos;DESKTOP-3IQAPAE&apos;, ip: &apos;192.168.1.4&apos;, os.name: &apos;Windows 10&apos;, os.arch: &apos;amd64&apos;, os.version: &apos;10.0&apos;, java.version: &apos;1.8.0_291&apos;&#10;Driver info: driver.version: ChromeDriver&#10;remote stacktrace: Backtrace:&#10;	Ordinal0 [0x00412DB3+2502067]&#10;	Ordinal0 [0x003AC5B1+2082225]&#10;	Ordinal0 [0x002B2498+1057944]&#10;	Ordinal0 [0x002A4D2F+1002799]&#10;	Ordinal0 [0x002A3D69+998761]&#10;	Ordinal0 [0x002A4026+999462]&#10;	Ordinal0 [0x002A3915+997653]&#10;	Ordinal0 [0x002AE534+1041716]&#10;	Ordinal0 [0x002A38D1+997585]&#10;	Ordinal0 [0x002A47F6+1001462]&#10;	Ordinal0 [0x002A3D69+998761]&#10;	Ordinal0 [0x002A4026+999462]&#10;	Ordinal0 [0x002A3915+997653]&#10;	Ordinal0 [0x002AC5AA+1033642]&#10;	Ordinal0 [0x002A38D1+997585]&#10;	Ordinal0 [0x002A47F6+1001462]&#10;	Ordinal0 [0x002A3D69+998761]&#10;	Ordinal0 [0x002A4026+999462]&#10;	Ordinal0 [0x002A3915+997653]&#10;	Ordinal0 [0x002AA459+1025113]&#10;	Ordinal0 [0x002A38D1+997585]&#10;	Ordinal0 [0x002A47F6+1001462]&#10;	Ordinal0 [0x002A3D69+998761]&#10;	Ordinal0 [0x002A4026+999462]&#10;	Ordinal0 [0x002A3915+997653]&#10;	Ordinal0 [0x002A977C+1021820]&#10;	Ordinal0 [0x002A38D1+997585]&#10;	Ordinal0 [0x002A47F6+1001462]&#10;	Ordinal0 [0x002A3D69+998761]&#10;	Ordinal0 [0x002A4026+999462]&#10;	Ordinal0 [0x002A3915+997653]&#10;	Ordinal0 [0x0029F42D+980013]&#10;	Ordinal0 [0x002A38D1+997585]&#10;	Ordinal0 [0x002A3670+996976]&#10;	Ordinal0 [0x002A3409+996361]&#10;	Ordinal0 [0x002B36A0+1062560]&#10;	Ordinal0 [0x002FAA59+1354329]&#10;	Ordinal0 [0x002F967A+1349242]&#10;	Ordinal0 [0x002F5BEB+1334251]&#10;	Ordinal0 [0x002D2174+1188212]&#10;	Ordinal0 [0x002D3009+1191945]&#10;	GetHandleVerifier [0x0058EC5C+1511084]&#10;	GetHandleVerifier [0x00638522+2205554]&#10;	GetHandleVerifier [0x00493393+480739]&#10;	GetHandleVerifier [0x00492579+477129]&#10;	Ordinal0 [0x003B1E5D+2104925]&#10;	Ordinal0 [0x003B63F8+2122744]&#10;	Ordinal0 [0x003B6537+2123063]&#10;	Ordinal0 [0x003BEE53+2158163]&#10;	BaseThreadInitThunk [0x74E16359+25]&#10;	RtlGetAppContainerNamedObjectPath [0x773A87A4+228]&#10;	RtlGetAppContainerNamedObjectPath [0x773A8774+180]&#10;"/>
  </testcase>
</testsuite>