<?xml version="1.0" encoding="UTF-8"?>
<!-- Generated by org.testng.reporters.JUnitXMLReporter -->
<testsuite ignored="0" hostname="DESKTOP-3IQAPAE" failures="0" tests="4" name="Free CRM Aplication Test" time="75.615" errors="0" timestamp="2021-07-30T07:27:22 MDT">
  <testcase classname="com.crm.qa.testcases.LoginPageTest" name="loginPagetitleTest" time="0.193"/>
  <testcase classname="com.crm.qa.testcases.LoginPageTest" name="loginTest" time="9.239"/>
  <testcase classname="com.crm.qa.testcases.HomePageTest" name="openContactsPage" time="5.294"/>
  <testcase classname="com.crm.qa.testcases.HomePageTest" name="verifyhomepagetitle" time="1.923"/>
</testsuite> <!-- Free CRM Aplication Test -->
